<?xml version="1.0" encoding="UTF-8"?>
<!-- Generated by org.testng.reporters.JUnitReportReporter -->
<testsuite skipped="0" hostname="DESKTOP-KIFFS9G" name="com.tests.DemoTest" tests="1" failures="0" timestamp="2023-05-13T00:29:38 IST" time="0.005" errors="0">
  <testcase name="test01" time="0.005" classname="com.tests.DemoTest"/>
  <system-out/>
</testsuite> <!-- com.tests.DemoTest -->
