<?xml version="1.0" encoding="UTF-8"?>
<!-- Generated by org.testng.reporters.JUnitReportReporter -->
<testsuite skipped="0" hostname="DESKTOP-KIFFS9G" name="com.tests.LoginTest" tests="2" failures="0" timestamp="2023-05-14T17:36:36 IST" time="1.489" errors="0">
  <testcase name="test02" time="0.184" classname="com.tests.LoginTest"/>
  <system-out/>
  <testcase name="test01" time="1.305" classname="com.tests.LoginTest"/>
  <system-out/>
</testsuite> <!-- com.tests.LoginTest -->
