<?xml version="1.0" encoding="UTF-8"?>
<!-- Generated by org.testng.reporters.JUnitReportReporter -->
<testsuite skipped="0" hostname="DESKTOP-KIFFS9G" name="com.tests.DemoTest2" tests="1" failures="0" timestamp="2023-05-13T00:29:38 IST" time="0.002" errors="0">
  <testcase name="test02" time="0.002" classname="com.tests.DemoTest2"/>
  <system-out/>
</testsuite> <!-- com.tests.DemoTest2 -->
